000 (1540161.000.000) 2023-08-31 18:54:00 Job submitted from host: <130.199.48.81:9618?addrs=130.199.48.81-9618&alias=rcas2062.rcf.bnl.gov&noUDP&sock=schedd_9125_0bfa>
...
001 (1540161.000.000) 2023-08-31 18:55:21 Job executing on host: <130.199.207.220:9618?addrs=130.199.207.220-9618&alias=spool1507.sdcc.bnl.gov&noUDP&sock=startd_17472_c454>
...
006 (1540161.000.000) 2023-08-31 18:55:22 Image size of job updated: 17
	0  -  MemoryUsage of job (MB)
	0  -  ResidentSetSize of job (KB)
...
005 (1540161.000.000) 2023-08-31 18:55:24 Job terminated.
	(1) Normal termination (return value 127)
		Usr 0 00:00:00, Sys 0 00:00:00  -  Run Remote Usage
		Usr 0 00:00:00, Sys 0 00:00:00  -  Run Local Usage
		Usr 0 00:00:00, Sys 0 00:00:00  -  Total Remote Usage
		Usr 0 00:00:00, Sys 0 00:00:00  -  Total Local Usage
	0  -  Run Bytes Sent By Job
	0  -  Run Bytes Received By Job
	0  -  Total Bytes Sent By Job
	0  -  Total Bytes Received By Job
	Partitionable Resources :    Usage  Request Allocated 
	   Cpus                 :                 1         1 
	   Disk (KB)            :       17       17   6680961 
	   Memory (MB)          :        0     8192      8192 
	   xferslots            :                           0 

	Job terminated of its own accord at 2023-08-31T22:55:22Z.
...
000 (1540162.000.000) 2023-09-01 02:55:35 Job submitted from host: <130.199.48.81:9618?addrs=130.199.48.81-9618&alias=rcas2062.rcf.bnl.gov&noUDP&sock=schedd_9125_0bfa>
...
001 (1540162.000.000) 2023-09-01 02:56:17 Job executing on host: <130.199.207.220:9618?addrs=130.199.207.220-9618&alias=spool1507.sdcc.bnl.gov&noUDP&sock=startd_17472_c454>
...
007 (1540162.000.000) 2023-09-01 02:56:17 Shadow exception!
	Error from slot1_71@spool1507.sdcc.bnl.gov: Failed to execute '/gpfs/mnt/gpfs02/sphenix/user/sgross/HCal_LED_Analysis/CompareLEDs.sh': (errno=13: 'Permission denied')
	0  -  Run Bytes Sent By Job
	0  -  Run Bytes Received By Job
...
012 (1540162.000.000) 2023-09-01 02:56:17 Job was held.
	Error from slot1_71@spool1507.sdcc.bnl.gov: Failed to execute '/gpfs/mnt/gpfs02/sphenix/user/sgross/HCal_LED_Analysis/CompareLEDs.sh': (errno=13: 'Permission denied')
	Code 6 Subcode 13
...
009 (1540162.000.000) 2023-09-01 02:56:58 Job was aborted.
	via condor_rm (by user sgross)
...
